Adapter #0

==============================================================================
                    Versions
                ================
Product Name    : Intel Embedded Server RAID Technology II
Serial No       : 
FW Package Build: 

                    Mfg. Data
                ================
Mfg. Date       : 00/00/00
Rework Date     : 00/00/00
Revision No     : 
Battery FRU     : N/A

                Image Versions in Flash:
                ================
BIOS Version       : A.10.02251631I

                Pending Images in Flash
                ================
None

                PCI Info
                ================
Controller Id	: 0000
Vendor Id       : 8086
Device Id       : 3a25
SubVendorId     : 8086
SubDeviceId     : 34dd

Host Interface  : PCIX

Link Speed 	     : 0 
Number of Frontend Port: 1 
Port  :  Address
0        0000000000000000 
Device Interface  : PCIX

Number of Backend Port: 6 
Port  :  Address
0        0000000000000000 
1        0000000000000000 
2        0000000000000000 
3        0000000000000000 
4        0000000000000000 
5        0000000000000000 

                HW Configuration
                ================
SAS Address      : ffffffffffffffff
BBU              : Absent
Alarm            : Absent
NVRAM            : Absent
Serial Debugger  : Absent
Memory           : Absent
Flash            : Absent
Memory Size      : 1MB
TPM              : Absent
On board Expander: Absent
Upgrade Key      : Absent
Temperature sensor for ROC    : Absent
Temperature sensor for controller    : Absent


                Settings
                ================
Current Time                     : 5:36:22 7/19, 2019
Predictive Fail Poll Interval    : 600sec
Interrupt Throttle Active Count  : 0
Interrupt Throttle Completion    : 0us
Rebuild Rate                     : 50%
PR Rate                          : 50%
BGI Rate                         : 50%
Check Consistency Rate           : 50%
Reconstruction Rate              : 0%
Cache Flush Interval             : 0s
Max Drives to Spinup at One Time : 8
Delay Among Spinup Groups        : 0s
Physical Drive Coercion Mode     : 1GB
Cluster Mode                     : Disabled
Alarm                            : Disabled
Auto Rebuild                     : Enabled
Battery Warning                  : Disabled
Ecc Bucket Size                  : 0
Ecc Bucket Leak Rate             : 0 Minutes
Restore HotSpare on Insertion    : Disabled
Expose Enclosure Devices         : Disabled
Maintain PD Fail History         : Disabled
Host Request Reordering          : Enabled
Auto Detect BackPlane Enabled    : SGPIO/i2c SEP
Load Balance Mode                : Auto
Use FDE Only                     : No
Security Key Assigned            : No
Security Key Failed              : No
Security Key Not Backedup        : No
Default LD PowerSave Policy      : Controller Defined
Maximum number of direct attached drives to spin up in 1 min : 0 
Auto Enhanced Import             : No
Any Offline VD Cache Preserved   : No
Allow Boot with Preserved Cache  : No
Disable Online Controller Reset  : No
PFK in NVRAM                     : No
Use disk activity for locate     : No
POST delay			 : 90 seconds
BIOS Error Handling          	 : Pause on Errors
Current Boot Mode 		  :Normal
                Capabilities
                ================
RAID Level Supported             : RAID0, RAID1, RAID10
Supported Drives                 : SATA

Allowed Mixing:

Mix in Enclosure Allowed
Mix of SSD/HDD in VD Allowed

                Status
                ================
ECC Bucket Count                 : 0

                Limitations
                ================
Max Arms Per VD          : 8 
Max Spans Per VD         : 4 
Max Arrays               : 8 
Max Number of VDs        : 8 
Max Parallel Commands    : 32 
Max SGE Count            : 63 
Max Data Transfer Size   : 131072 sectors 
Max Strips PerIO         : 1 
Max LD per array         : 8 
Min Strip Size           : 64 KB
Max Strip Size           : 64 KB
Max Configurable CacheCade Size: 0 GB
Current Size of CacheCade      : 0 GB
Current Size of FW Cache       : 0 MB

                Device Present
                ================
Virtual Drives    : 0 
  Degraded        : 0 
  Offline         : 0 
Physical Devices  : 1 
  Disks           : 1 
  Critical Disks  : 0 
  Failed Disks    : 0 

                Supported Adapter Operations
                ================
Rebuild Rate                    : Yes
CC Rate                         : Yes
BGI Rate                        : Yes
Reconstruct Rate                : No
Patrol Read Rate                : Yes
Alarm Control                   : No
Cluster Support                 : No
BBU                             : No
Spanning                        : Yes
Dedicated Hot Spare             : No
Revertible Hot Spares           : No
Foreign Config Import           : No
Self Diagnostic                 : Yes
Allow Mixed Redundancy on Array : No
Global Hot Spares               : Yes
Deny SCSI Passthrough           : No
Deny SMP Passthrough            : Yes
Deny STP Passthrough            : Yes
Support Security                : No
Snapshot Enabled                : No
Support the OCE without adding drives : No
Support PFK                     : No
Support PI                      : No
Support Boot Time PFK Change    : No
Disable Online PFK Change       : No
Support Shield State            : No
Block SSD Write Disk Cache Change: No

                Supported VD Operations
                ================
Read Policy          : Yes
Write Policy         : Yes
IO Policy            : Yes
Access Policy        : Yes
Disk Cache Policy    : No
Reconstruction       : No
Deny Locate          : No
Deny CC              : No
Allow Ctrl Encryption: No
Enable LDBBM         : No
Support Breakmirror  : No
Power Savings        : No

                Supported PD Operations
                ================
Force Online                            : Yes
Force Offline                           : Yes
Force Rebuild                           : Yes
Deny Force Failed                       : No
Deny Force Good/Bad                     : No
Deny Missing Replace                    : Yes
Deny Clear                              : Yes
Deny Locate                             : No
Support Temperature                     : No
NCQ                                     : No
Disable Copyback                        : Yes
Enable JBOD                             : No
Enable Copyback on SMART                : No
Enable Copyback to SSD on SMART Error   : No
Enable SSD Patrol Read                  : No
PR Correct Unconfigured Areas           : Yes
                Error Counters
                ================
Memory Correctable Errors   : 0 
Memory Uncorrectable Errors : 0 

                Cluster Information
                ================
Cluster Permitted     : No
Cluster Active        : No

                Default Settings
                ================
Phy Polarity                     : 0 
Phy PolaritySplit                : 0 
Background Rate                  : 30 
Strip Size                       : 64kB
Flush Time                       : 0 seconds
Write Policy                     : WB
Read Policy                      : RA
Cache When BBU Bad               : Disabled
Cached IO                        : No
SMART Mode                       : Disabled
Alarm Disable                    : No
Coercion Mode                    : 1GB
ZCR Config                       : Unknown
Dirty LED Shows Drive Activity   : Yes
BIOS Continue on Error           : 1 
Spin Down Mode                   : None
Allowed Device Type              : SATA Only
Allow Mix in Enclosure           : No
Allow HDD SAS/SATA Mix in VD     : No
Allow SSD SAS/SATA Mix in VD     : No
Allow HDD/SSD Mix in VD          : Yes
Allow SATA in Cluster            : No
Max Chained Enclosures           : 0 
Disable Ctrl-R                   : No
Enable Web BIOS                  : No
Direct PD Mapping                : Yes
BIOS Enumerate VDs               : Yes
Restore Hot Spare on Insertion   : No
Expose Enclosure Devices         : No
Maintain PD Fail History         : No
Disable Puncturing               : No
Zero Based Enclosure Enumeration : No
PreBoot CLI Enabled              : Yes
LED Show Drive Activity          : Yes
Cluster Disable                  : Yes
SAS Disable                      : Yes
Auto Detect BackPlane Enable     : SGPIO/i2c SEP
Use FDE Only                     : No
Enable Led Header                : No
Delay during POST                : 0 
EnableCrashDump                  : No
Disable Online Controller Reset  : No
EnableLDBBM                      : No
Un-Certified Hard Disk Drives    : Block
Treat Single span R1E as R10     : No
Max LD per array                 : 16
Power Saving option              : All power saving options are disabled
Default spin down time in minutes: 0 
Enable JBOD                      : No
Time taken to detect CME         : 60s

Exit Code: 0x00
